[==========] Running 187 tests from 23 test cases.
[----------] Global test environment set-up.
[----------] 2 tests from Policy
[ RUN      ] Policy.DefaultConstructor
[       OK ] Policy.DefaultConstructor (0 ms)
[ RUN      ] Policy.init_exception
[       OK ] Policy.init_exception (0 ms)
[----------] 2 tests from Policy (0 ms total)

[----------] 3 tests from StochasticPolicy
[ RUN      ] StochasticPolicy.Constructor0
[       OK ] StochasticPolicy.Constructor0 (0 ms)
[ RUN      ] StochasticPolicy.init_exception
[       OK ] StochasticPolicy.init_exception (1 ms)
[ RUN      ] StochasticPolicy.DefaultConstructor
[       OK ] StochasticPolicy.DefaultConstructor (0 ms)
[----------] 3 tests from StochasticPolicy (1 ms total)

[----------] 1 test from StepTest
[ RUN      ] StepTest.EqualityOperator
[       OK ] StepTest.EqualityOperator (0 ms)
[----------] 1 test from StepTest (0 ms total)

[----------] 2 tests from EpisodeTest
[ RUN      ] EpisodeTest.init_exception
[       OK ] EpisodeTest.init_exception (0 ms)
[ RUN      ] EpisodeTest.DefaultConstructor
[       OK ] EpisodeTest.DefaultConstructor (0 ms)
[----------] 2 tests from EpisodeTest (0 ms total)

[----------] 1 test from SimpleMDPTest
[ RUN      ] SimpleMDPTest.Constructor0
[       OK ] SimpleMDPTest.Constructor0 (0 ms)
[----------] 1 test from SimpleMDPTest (0 ms total)

[----------] 1 test from RandomIdxTest
[ RUN      ] RandomIdxTest.Constructor
[       OK ] RandomIdxTest.Constructor (4 ms)
[----------] 1 test from RandomIdxTest (4 ms total)

[----------] 4 tests from EV3LineTracerTest
[ RUN      ] EV3LineTracerTest.Constructor
[       OK ] EV3LineTracerTest.Constructor (0 ms)
[ RUN      ] EV3LineTracerTest.Init
[       OK ] EV3LineTracerTest.Init (0 ms)
[ RUN      ] EV3LineTracerTest.Init_Exception
[       OK ] EV3LineTracerTest.Init_Exception (3 ms)
[ RUN      ] EV3LineTracerTest.GetRegularPolicy
[       OK ] EV3LineTracerTest.GetRegularPolicy (0 ms)
[----------] 4 tests from EV3LineTracerTest (3 ms total)

[----------] 3 tests from TSVOutputContextTest
[ RUN      ] TSVOutputContextTest.Constructor
[       OK ] TSVOutputContextTest.Constructor (0 ms)
[ RUN      ] TSVOutputContextTest.writeToken
[       OK ] TSVOutputContextTest.writeToken (0 ms)
[ RUN      ] TSVOutputContextTest.newLine
[       OK ] TSVOutputContextTest.newLine (0 ms)
[----------] 3 tests from TSVOutputContextTest (0 ms total)

[----------] 10 tests from TSVInputContextTest
[ RUN      ] TSVInputContextTest.Constructor
[       OK ] TSVInputContextTest.Constructor (0 ms)
[ RUN      ] TSVInputContextTest.nextToken1
[       OK ] TSVInputContextTest.nextToken1 (0 ms)
[ RUN      ] TSVInputContextTest.nextToken2
[       OK ] TSVInputContextTest.nextToken2 (0 ms)
[ RUN      ] TSVInputContextTest.nextToken3
[       OK ] TSVInputContextTest.nextToken3 (0 ms)
[ RUN      ] TSVInputContextTest.skipToken
[       OK ] TSVInputContextTest.skipToken (0 ms)
[ RUN      ] TSVInputContextTest.skipToken_Exception
[       OK ] TSVInputContextTest.skipToken_Exception (0 ms)
[ RUN      ] TSVInputContextTest.skipReturn
[       OK ] TSVInputContextTest.skipReturn (0 ms)
[ RUN      ] TSVInputContextTest.hasNextToken
[       OK ] TSVInputContextTest.hasNextToken (0 ms)
[ RUN      ] TSVInputContextTest.deleteComment
[       OK ] TSVInputContextTest.deleteComment (0 ms)
[ RUN      ] TSVInputContextTest.deleteComment2
[       OK ] TSVInputContextTest.deleteComment2 (0 ms)
[----------] 10 tests from TSVInputContextTest (0 ms total)

[----------] 3 tests from ReadIntervalTest
[ RUN      ] ReadIntervalTest.Constractor
[       OK ] ReadIntervalTest.Constractor (0 ms)
[ RUN      ] ReadIntervalTest.Process
[       OK ] ReadIntervalTest.Process (0 ms)
[ RUN      ] ReadIntervalTest.Process_Exception
[       OK ] ReadIntervalTest.Process_Exception (0 ms)
[----------] 3 tests from ReadIntervalTest (0 ms total)

[----------] 2 tests from ReadStateCountTest
[ RUN      ] ReadStateCountTest.Process
[       OK ] ReadStateCountTest.Process (0 ms)
[ RUN      ] ReadStateCountTest.Process_Exception
[       OK ] ReadStateCountTest.Process_Exception (1 ms)
[----------] 2 tests from ReadStateCountTest (1 ms total)

[----------] 2 tests from ReadSingleStateTest
[ RUN      ] ReadSingleStateTest.Process
[       OK ] ReadSingleStateTest.Process (0 ms)
[ RUN      ] ReadSingleStateTest.Process_Exception
[       OK ] ReadSingleStateTest.Process_Exception (0 ms)
[----------] 2 tests from ReadSingleStateTest (0 ms total)

[----------] 2 tests from ReadStateTest
[ RUN      ] ReadStateTest.Process
[       OK ] ReadStateTest.Process (0 ms)
[ RUN      ] ReadStateTest.Process_Exception
[       OK ] ReadStateTest.Process_Exception (0 ms)
[----------] 2 tests from ReadStateTest (0 ms total)

[----------] 2 tests from ReadControlTest
[ RUN      ] ReadControlTest.Process
[       OK ] ReadControlTest.Process (0 ms)
[ RUN      ] ReadControlTest.Process_Exception
[       OK ] ReadControlTest.Process_Exception (0 ms)
[----------] 2 tests from ReadControlTest (0 ms total)

[----------] 3 tests from InputConfigFileTest
[ RUN      ] InputConfigFileTest.Constractor
[       OK ] InputConfigFileTest.Constractor (0 ms)
[ RUN      ] InputConfigFileTest.process
[       OK ] InputConfigFileTest.process (0 ms)
[ RUN      ] InputConfigFileTest.process_INIFile
[       OK ] InputConfigFileTest.process_INIFile (0 ms)
[----------] 3 tests from InputConfigFileTest (0 ms total)

[----------] 20 tests from InstantiatePolicyTest/PolicyTest
[ RUN      ] InstantiatePolicyTest/PolicyTest.CopyConstructor/0
[       OK ] InstantiatePolicyTest/PolicyTest.CopyConstructor/0 (0 ms)
[ RUN      ] InstantiatePolicyTest/PolicyTest.CopyConstructor/1
[       OK ] InstantiatePolicyTest/PolicyTest.CopyConstructor/1 (0 ms)
[ RUN      ] InstantiatePolicyTest/PolicyTest.CopyConstructor/2
[       OK ] InstantiatePolicyTest/PolicyTest.CopyConstructor/2 (0 ms)
[ RUN      ] InstantiatePolicyTest/PolicyTest.CopyConstructor/3
[       OK ] InstantiatePolicyTest/PolicyTest.CopyConstructor/3 (0 ms)
[ RUN      ] InstantiatePolicyTest/PolicyTest.CopyAssignmentOperator/0
[       OK ] InstantiatePolicyTest/PolicyTest.CopyAssignmentOperator/0 (0 ms)
[ RUN      ] InstantiatePolicyTest/PolicyTest.CopyAssignmentOperator/1
[       OK ] InstantiatePolicyTest/PolicyTest.CopyAssignmentOperator/1 (0 ms)
[ RUN      ] InstantiatePolicyTest/PolicyTest.CopyAssignmentOperator/2
[       OK ] InstantiatePolicyTest/PolicyTest.CopyAssignmentOperator/2 (0 ms)
[ RUN      ] InstantiatePolicyTest/PolicyTest.CopyAssignmentOperator/3
[       OK ] InstantiatePolicyTest/PolicyTest.CopyAssignmentOperator/3 (0 ms)
[ RUN      ] InstantiatePolicyTest/PolicyTest.EqualityOperator/0
[       OK ] InstantiatePolicyTest/PolicyTest.EqualityOperator/0 (0 ms)
[ RUN      ] InstantiatePolicyTest/PolicyTest.EqualityOperator/1
[       OK ] InstantiatePolicyTest/PolicyTest.EqualityOperator/1 (0 ms)
[ RUN      ] InstantiatePolicyTest/PolicyTest.EqualityOperator/2
[       OK ] InstantiatePolicyTest/PolicyTest.EqualityOperator/2 (0 ms)
[ RUN      ] InstantiatePolicyTest/PolicyTest.EqualityOperator/3
[       OK ] InstantiatePolicyTest/PolicyTest.EqualityOperator/3 (0 ms)
[ RUN      ] InstantiatePolicyTest/PolicyTest.init/0
[       OK ] InstantiatePolicyTest/PolicyTest.init/0 (0 ms)
[ RUN      ] InstantiatePolicyTest/PolicyTest.init/1
[       OK ] InstantiatePolicyTest/PolicyTest.init/1 (0 ms)
[ RUN      ] InstantiatePolicyTest/PolicyTest.init/2
[       OK ] InstantiatePolicyTest/PolicyTest.init/2 (0 ms)
[ RUN      ] InstantiatePolicyTest/PolicyTest.init/3
[       OK ] InstantiatePolicyTest/PolicyTest.init/3 (1 ms)
[ RUN      ] InstantiatePolicyTest/PolicyTest.change/0
[       OK ] InstantiatePolicyTest/PolicyTest.change/0 (0 ms)
[ RUN      ] InstantiatePolicyTest/PolicyTest.change/1
[       OK ] InstantiatePolicyTest/PolicyTest.change/1 (0 ms)
[ RUN      ] InstantiatePolicyTest/PolicyTest.change/2
[       OK ] InstantiatePolicyTest/PolicyTest.change/2 (0 ms)
[ RUN      ] InstantiatePolicyTest/PolicyTest.change/3
[       OK ] InstantiatePolicyTest/PolicyTest.change/3 (0 ms)
[----------] 20 tests from InstantiatePolicyTest/PolicyTest (1 ms total)

[----------] 24 tests from InstantiateStochasticPolicyTest/StochasticPolicyTest
[ RUN      ] InstantiateStochasticPolicyTest/StochasticPolicyTest.Constructor1/0
[       OK ] InstantiateStochasticPolicyTest/StochasticPolicyTest.Constructor1/0 (0 ms)
[ RUN      ] InstantiateStochasticPolicyTest/StochasticPolicyTest.Constructor1/1
[       OK ] InstantiateStochasticPolicyTest/StochasticPolicyTest.Constructor1/1 (0 ms)
[ RUN      ] InstantiateStochasticPolicyTest/StochasticPolicyTest.Constructor1/2
[       OK ] InstantiateStochasticPolicyTest/StochasticPolicyTest.Constructor1/2 (5 ms)
[ RUN      ] InstantiateStochasticPolicyTest/StochasticPolicyTest.Constructor1/3
[       OK ] InstantiateStochasticPolicyTest/StochasticPolicyTest.Constructor1/3 (17 ms)
[ RUN      ] InstantiateStochasticPolicyTest/StochasticPolicyTest.CopyConstructor/0
[       OK ] InstantiateStochasticPolicyTest/StochasticPolicyTest.CopyConstructor/0 (0 ms)
[ RUN      ] InstantiateStochasticPolicyTest/StochasticPolicyTest.CopyConstructor/1
[       OK ] InstantiateStochasticPolicyTest/StochasticPolicyTest.CopyConstructor/1 (0 ms)
[ RUN      ] InstantiateStochasticPolicyTest/StochasticPolicyTest.CopyConstructor/2
[       OK ] InstantiateStochasticPolicyTest/StochasticPolicyTest.CopyConstructor/2 (2 ms)
[ RUN      ] InstantiateStochasticPolicyTest/StochasticPolicyTest.CopyConstructor/3
[       OK ] InstantiateStochasticPolicyTest/StochasticPolicyTest.CopyConstructor/3 (9 ms)
[ RUN      ] InstantiateStochasticPolicyTest/StochasticPolicyTest.CopyAssignmentOperator/0
[       OK ] InstantiateStochasticPolicyTest/StochasticPolicyTest.CopyAssignmentOperator/0 (0 ms)
[ RUN      ] InstantiateStochasticPolicyTest/StochasticPolicyTest.CopyAssignmentOperator/1
[       OK ] InstantiateStochasticPolicyTest/StochasticPolicyTest.CopyAssignmentOperator/1 (1 ms)
[ RUN      ] InstantiateStochasticPolicyTest/StochasticPolicyTest.CopyAssignmentOperator/2
[       OK ] InstantiateStochasticPolicyTest/StochasticPolicyTest.CopyAssignmentOperator/2 (2 ms)
[ RUN      ] InstantiateStochasticPolicyTest/StochasticPolicyTest.CopyAssignmentOperator/3
[       OK ] InstantiateStochasticPolicyTest/StochasticPolicyTest.CopyAssignmentOperator/3 (9 ms)
[ RUN      ] InstantiateStochasticPolicyTest/StochasticPolicyTest.EqualityOperator/0
[       OK ] InstantiateStochasticPolicyTest/StochasticPolicyTest.EqualityOperator/0 (0 ms)
[ RUN      ] InstantiateStochasticPolicyTest/StochasticPolicyTest.EqualityOperator/1
[       OK ] InstantiateStochasticPolicyTest/StochasticPolicyTest.EqualityOperator/1 (0 ms)
[ RUN      ] InstantiateStochasticPolicyTest/StochasticPolicyTest.EqualityOperator/2
[       OK ] InstantiateStochasticPolicyTest/StochasticPolicyTest.EqualityOperator/2 (7 ms)
[ RUN      ] InstantiateStochasticPolicyTest/StochasticPolicyTest.EqualityOperator/3
[       OK ] InstantiateStochasticPolicyTest/StochasticPolicyTest.EqualityOperator/3 (26 ms)
[ RUN      ] InstantiateStochasticPolicyTest/StochasticPolicyTest.SetProbability0/0
[       OK ] InstantiateStochasticPolicyTest/StochasticPolicyTest.SetProbability0/0 (0 ms)
[ RUN      ] InstantiateStochasticPolicyTest/StochasticPolicyTest.SetProbability0/1
[       OK ] InstantiateStochasticPolicyTest/StochasticPolicyTest.SetProbability0/1 (0 ms)
[ RUN      ] InstantiateStochasticPolicyTest/StochasticPolicyTest.SetProbability0/2
[       OK ] InstantiateStochasticPolicyTest/StochasticPolicyTest.SetProbability0/2 (2 ms)
[ RUN      ] InstantiateStochasticPolicyTest/StochasticPolicyTest.SetProbability0/3
[       OK ] InstantiateStochasticPolicyTest/StochasticPolicyTest.SetProbability0/3 (9 ms)
[ RUN      ] InstantiateStochasticPolicyTest/StochasticPolicyTest.SetProbability1/0
[       OK ] InstantiateStochasticPolicyTest/StochasticPolicyTest.SetProbability1/0 (0 ms)
[ RUN      ] InstantiateStochasticPolicyTest/StochasticPolicyTest.SetProbability1/1
[       OK ] InstantiateStochasticPolicyTest/StochasticPolicyTest.SetProbability1/1 (0 ms)
[ RUN      ] InstantiateStochasticPolicyTest/StochasticPolicyTest.SetProbability1/2
[       OK ] InstantiateStochasticPolicyTest/StochasticPolicyTest.SetProbability1/2 (5 ms)
[ RUN      ] InstantiateStochasticPolicyTest/StochasticPolicyTest.SetProbability1/3
[       OK ] InstantiateStochasticPolicyTest/StochasticPolicyTest.SetProbability1/3 (16 ms)
[----------] 24 tests from InstantiateStochasticPolicyTest/StochasticPolicyTest (110 ms total)

[----------] 24 tests from InstantiateEpisodeTest/EpisodeTest
[ RUN      ] InstantiateEpisodeTest/EpisodeTest.Constructor0/0
[       OK ] InstantiateEpisodeTest/EpisodeTest.Constructor0/0 (0 ms)
[ RUN      ] InstantiateEpisodeTest/EpisodeTest.Constructor0/1
[       OK ] InstantiateEpisodeTest/EpisodeTest.Constructor0/1 (0 ms)
[ RUN      ] InstantiateEpisodeTest/EpisodeTest.Constructor0/2
[       OK ] InstantiateEpisodeTest/EpisodeTest.Constructor0/2 (0 ms)
[ RUN      ] InstantiateEpisodeTest/EpisodeTest.Constructor0/3
[       OK ] InstantiateEpisodeTest/EpisodeTest.Constructor0/3 (0 ms)
[ RUN      ] InstantiateEpisodeTest/EpisodeTest.CopyConstructor/0
[       OK ] InstantiateEpisodeTest/EpisodeTest.CopyConstructor/0 (0 ms)
[ RUN      ] InstantiateEpisodeTest/EpisodeTest.CopyConstructor/1
[       OK ] InstantiateEpisodeTest/EpisodeTest.CopyConstructor/1 (0 ms)
[ RUN      ] InstantiateEpisodeTest/EpisodeTest.CopyConstructor/2
[       OK ] InstantiateEpisodeTest/EpisodeTest.CopyConstructor/2 (0 ms)
[ RUN      ] InstantiateEpisodeTest/EpisodeTest.CopyConstructor/3
[       OK ] InstantiateEpisodeTest/EpisodeTest.CopyConstructor/3 (0 ms)
[ RUN      ] InstantiateEpisodeTest/EpisodeTest.CopyAssignmentOperator/0
[       OK ] InstantiateEpisodeTest/EpisodeTest.CopyAssignmentOperator/0 (0 ms)
[ RUN      ] InstantiateEpisodeTest/EpisodeTest.CopyAssignmentOperator/1
[       OK ] InstantiateEpisodeTest/EpisodeTest.CopyAssignmentOperator/1 (0 ms)
[ RUN      ] InstantiateEpisodeTest/EpisodeTest.CopyAssignmentOperator/2
[       OK ] InstantiateEpisodeTest/EpisodeTest.CopyAssignmentOperator/2 (0 ms)
[ RUN      ] InstantiateEpisodeTest/EpisodeTest.CopyAssignmentOperator/3
[       OK ] InstantiateEpisodeTest/EpisodeTest.CopyAssignmentOperator/3 (0 ms)
[ RUN      ] InstantiateEpisodeTest/EpisodeTest.EqualityOperator/0
[       OK ] InstantiateEpisodeTest/EpisodeTest.EqualityOperator/0 (0 ms)
[ RUN      ] InstantiateEpisodeTest/EpisodeTest.EqualityOperator/1
[       OK ] InstantiateEpisodeTest/EpisodeTest.EqualityOperator/1 (0 ms)
[ RUN      ] InstantiateEpisodeTest/EpisodeTest.EqualityOperator/2
[       OK ] InstantiateEpisodeTest/EpisodeTest.EqualityOperator/2 (0 ms)
[ RUN      ] InstantiateEpisodeTest/EpisodeTest.EqualityOperator/3
[       OK ] InstantiateEpisodeTest/EpisodeTest.EqualityOperator/3 (0 ms)
[ RUN      ] InstantiateEpisodeTest/EpisodeTest.SetStep/0
[       OK ] InstantiateEpisodeTest/EpisodeTest.SetStep/0 (0 ms)
[ RUN      ] InstantiateEpisodeTest/EpisodeTest.SetStep/1
[       OK ] InstantiateEpisodeTest/EpisodeTest.SetStep/1 (0 ms)
[ RUN      ] InstantiateEpisodeTest/EpisodeTest.SetStep/2
[       OK ] InstantiateEpisodeTest/EpisodeTest.SetStep/2 (0 ms)
[ RUN      ] InstantiateEpisodeTest/EpisodeTest.SetStep/3
[       OK ] InstantiateEpisodeTest/EpisodeTest.SetStep/3 (0 ms)
[ RUN      ] InstantiateEpisodeTest/EpisodeTest.AddStep/0
[       OK ] InstantiateEpisodeTest/EpisodeTest.AddStep/0 (0 ms)
[ RUN      ] InstantiateEpisodeTest/EpisodeTest.AddStep/1
[       OK ] InstantiateEpisodeTest/EpisodeTest.AddStep/1 (0 ms)
[ RUN      ] InstantiateEpisodeTest/EpisodeTest.AddStep/2
[       OK ] InstantiateEpisodeTest/EpisodeTest.AddStep/2 (0 ms)
[ RUN      ] InstantiateEpisodeTest/EpisodeTest.AddStep/3
[       OK ] InstantiateEpisodeTest/EpisodeTest.AddStep/3 (0 ms)
[----------] 24 tests from InstantiateEpisodeTest/EpisodeTest (1 ms total)

[----------] 21 tests from InstantiateSimpleMDPTest/SimpleMDPTest
[ RUN      ] InstantiateSimpleMDPTest/SimpleMDPTest.Constructor1/0
[       OK ] InstantiateSimpleMDPTest/SimpleMDPTest.Constructor1/0 (0 ms)
[ RUN      ] InstantiateSimpleMDPTest/SimpleMDPTest.Constructor1/1
[       OK ] InstantiateSimpleMDPTest/SimpleMDPTest.Constructor1/1 (0 ms)
[ RUN      ] InstantiateSimpleMDPTest/SimpleMDPTest.Constructor1/2
[       OK ] InstantiateSimpleMDPTest/SimpleMDPTest.Constructor1/2 (1 ms)
[ RUN      ] InstantiateSimpleMDPTest/SimpleMDPTest.GetPolicy/0
[       OK ] InstantiateSimpleMDPTest/SimpleMDPTest.GetPolicy/0 (0 ms)
[ RUN      ] InstantiateSimpleMDPTest/SimpleMDPTest.GetPolicy/1
[       OK ] InstantiateSimpleMDPTest/SimpleMDPTest.GetPolicy/1 (0 ms)
[ RUN      ] InstantiateSimpleMDPTest/SimpleMDPTest.GetPolicy/2
[       OK ] InstantiateSimpleMDPTest/SimpleMDPTest.GetPolicy/2 (1 ms)
[ RUN      ] InstantiateSimpleMDPTest/SimpleMDPTest.GetRegularPolicy/0
[       OK ] InstantiateSimpleMDPTest/SimpleMDPTest.GetRegularPolicy/0 (0 ms)
[ RUN      ] InstantiateSimpleMDPTest/SimpleMDPTest.GetRegularPolicy/1
[       OK ] InstantiateSimpleMDPTest/SimpleMDPTest.GetRegularPolicy/1 (1 ms)
[ RUN      ] InstantiateSimpleMDPTest/SimpleMDPTest.GetRegularPolicy/2
[       OK ] InstantiateSimpleMDPTest/SimpleMDPTest.GetRegularPolicy/2 (1 ms)
[ RUN      ] InstantiateSimpleMDPTest/SimpleMDPTest.GetDiscountRate/0
[       OK ] InstantiateSimpleMDPTest/SimpleMDPTest.GetDiscountRate/0 (0 ms)
[ RUN      ] InstantiateSimpleMDPTest/SimpleMDPTest.GetDiscountRate/1
[       OK ] InstantiateSimpleMDPTest/SimpleMDPTest.GetDiscountRate/1 (0 ms)
[ RUN      ] InstantiateSimpleMDPTest/SimpleMDPTest.GetDiscountRate/2
[       OK ] InstantiateSimpleMDPTest/SimpleMDPTest.GetDiscountRate/2 (1 ms)
[ RUN      ] InstantiateSimpleMDPTest/SimpleMDPTest.GetNextStep/0
[       OK ] InstantiateSimpleMDPTest/SimpleMDPTest.GetNextStep/0 (21 ms)
[ RUN      ] InstantiateSimpleMDPTest/SimpleMDPTest.GetNextStep/1
[       OK ] InstantiateSimpleMDPTest/SimpleMDPTest.GetNextStep/1 (107 ms)
[ RUN      ] InstantiateSimpleMDPTest/SimpleMDPTest.GetNextStep/2
[       OK ] InstantiateSimpleMDPTest/SimpleMDPTest.GetNextStep/2 (215 ms)
[ RUN      ] InstantiateSimpleMDPTest/SimpleMDPTest.GetEpisode0/0
[       OK ] InstantiateSimpleMDPTest/SimpleMDPTest.GetEpisode0/0 (37 ms)
[ RUN      ] InstantiateSimpleMDPTest/SimpleMDPTest.GetEpisode0/1
[       OK ] InstantiateSimpleMDPTest/SimpleMDPTest.GetEpisode0/1 (145 ms)
[ RUN      ] InstantiateSimpleMDPTest/SimpleMDPTest.GetEpisode0/2
[       OK ] InstantiateSimpleMDPTest/SimpleMDPTest.GetEpisode0/2 (252 ms)
[ RUN      ] InstantiateSimpleMDPTest/SimpleMDPTest.GetEpisode1/0
[       OK ] InstantiateSimpleMDPTest/SimpleMDPTest.GetEpisode1/0 (37 ms)
[ RUN      ] InstantiateSimpleMDPTest/SimpleMDPTest.GetEpisode1/1
[       OK ] InstantiateSimpleMDPTest/SimpleMDPTest.GetEpisode1/1 (358 ms)
[ RUN      ] InstantiateSimpleMDPTest/SimpleMDPTest.GetEpisode1/2
[       OK ] InstantiateSimpleMDPTest/SimpleMDPTest.GetEpisode1/2 (892 ms)
[----------] 21 tests from InstantiateSimpleMDPTest/SimpleMDPTest (2069 ms total)

[----------] 8 tests from InstantiateRandomTest/RandomTest
[ RUN      ] InstantiateRandomTest/RandomTest.UniformIdx/0
[       OK ] InstantiateRandomTest/RandomTest.UniformIdx/0 (0 ms)
[ RUN      ] InstantiateRandomTest/RandomTest.UniformIdx/1
[       OK ] InstantiateRandomTest/RandomTest.UniformIdx/1 (1 ms)
[ RUN      ] InstantiateRandomTest/RandomTest.UniformIdx/2
[       OK ] InstantiateRandomTest/RandomTest.UniformIdx/2 (0 ms)
[ RUN      ] InstantiateRandomTest/RandomTest.UniformIdx/3
[       OK ] InstantiateRandomTest/RandomTest.UniformIdx/3 (0 ms)
[ RUN      ] InstantiateRandomTest/RandomTest.UniformReal/0
[       OK ] InstantiateRandomTest/RandomTest.UniformReal/0 (4 ms)
[ RUN      ] InstantiateRandomTest/RandomTest.UniformReal/1
[       OK ] InstantiateRandomTest/RandomTest.UniformReal/1 (5 ms)
[ RUN      ] InstantiateRandomTest/RandomTest.UniformReal/2
[       OK ] InstantiateRandomTest/RandomTest.UniformReal/2 (4 ms)
[ RUN      ] InstantiateRandomTest/RandomTest.UniformReal/3
[       OK ] InstantiateRandomTest/RandomTest.UniformReal/3 (4 ms)
[----------] 8 tests from InstantiateRandomTest/RandomTest (18 ms total)

[----------] 10 tests from InstantiateRandomIdxTest/RandomIdxTest
[ RUN      ] InstantiateRandomIdxTest/RandomIdxTest.StatTest/0
[       OK ] InstantiateRandomIdxTest/RandomIdxTest.StatTest/0 (1 ms)
[ RUN      ] InstantiateRandomIdxTest/RandomIdxTest.StatTest/1
[       OK ] InstantiateRandomIdxTest/RandomIdxTest.StatTest/1 (0 ms)
[ RUN      ] InstantiateRandomIdxTest/RandomIdxTest.StatTest/2
../src/ReinforcementLearning.cpp:1134: Failure
The difference between (real)stat[i]/(real)testcount and prob[i] is 0.010861445778895945, which exceeds 0.01, where
(real)stat[i]/(real)testcount evaluates to 0.16309999999999999,
prob[i] evaluates to 0.15223855422110405, and
0.01 evaluates to 0.01.
[  FAILED  ] InstantiateRandomIdxTest/RandomIdxTest.StatTest/2, where GetParam() = 10 (1 ms)
[ RUN      ] InstantiateRandomIdxTest/RandomIdxTest.StatTest/3
[       OK ] InstantiateRandomIdxTest/RandomIdxTest.StatTest/3 (6 ms)
[ RUN      ] InstantiateRandomIdxTest/RandomIdxTest.StatTest/4
[       OK ] InstantiateRandomIdxTest/RandomIdxTest.StatTest/4 (12 ms)
[ RUN      ] InstantiateRandomIdxTest/RandomIdxTest.GetProbabilityTest/0
[       OK ] InstantiateRandomIdxTest/RandomIdxTest.GetProbabilityTest/0 (0 ms)
[ RUN      ] InstantiateRandomIdxTest/RandomIdxTest.GetProbabilityTest/1
[       OK ] InstantiateRandomIdxTest/RandomIdxTest.GetProbabilityTest/1 (0 ms)
[ RUN      ] InstantiateRandomIdxTest/RandomIdxTest.GetProbabilityTest/2
[       OK ] InstantiateRandomIdxTest/RandomIdxTest.GetProbabilityTest/2 (0 ms)
[ RUN      ] InstantiateRandomIdxTest/RandomIdxTest.GetProbabilityTest/3
[       OK ] InstantiateRandomIdxTest/RandomIdxTest.GetProbabilityTest/3 (0 ms)
[ RUN      ] InstantiateRandomIdxTest/RandomIdxTest.GetProbabilityTest/4
[       OK ] InstantiateRandomIdxTest/RandomIdxTest.GetProbabilityTest/4 (0 ms)
[----------] 10 tests from InstantiateRandomIdxTest/RandomIdxTest (20 ms total)

[----------] 16 tests from InstantiateEpsilonSoftOnPolicyMonteCarloTest/EpsilonSoftOnPolicyMonteCarloTest
[ RUN      ] InstantiateEpsilonSoftOnPolicyMonteCarloTest/EpsilonSoftOnPolicyMonteCarloTest.PolicyIteration/0
[       OK ] InstantiateEpsilonSoftOnPolicyMonteCarloTest/EpsilonSoftOnPolicyMonteCarloTest.PolicyIteration/0 (1 ms)
[ RUN      ] InstantiateEpsilonSoftOnPolicyMonteCarloTest/EpsilonSoftOnPolicyMonteCarloTest.PolicyIteration/1
[       OK ] InstantiateEpsilonSoftOnPolicyMonteCarloTest/EpsilonSoftOnPolicyMonteCarloTest.PolicyIteration/1 (4 ms)
[ RUN      ] InstantiateEpsilonSoftOnPolicyMonteCarloTest/EpsilonSoftOnPolicyMonteCarloTest.PolicyIteration/2
[       OK ] InstantiateEpsilonSoftOnPolicyMonteCarloTest/EpsilonSoftOnPolicyMonteCarloTest.PolicyIteration/2 (284 ms)
[ RUN      ] InstantiateEpsilonSoftOnPolicyMonteCarloTest/EpsilonSoftOnPolicyMonteCarloTest.PolicyIteration/3
[       OK ] InstantiateEpsilonSoftOnPolicyMonteCarloTest/EpsilonSoftOnPolicyMonteCarloTest.PolicyIteration/3 (580 ms)
[ RUN      ] InstantiateEpsilonSoftOnPolicyMonteCarloTest/EpsilonSoftOnPolicyMonteCarloTest.EpsilonGreedy/0
[       OK ] InstantiateEpsilonSoftOnPolicyMonteCarloTest/EpsilonSoftOnPolicyMonteCarloTest.EpsilonGreedy/0 (1 ms)
[ RUN      ] InstantiateEpsilonSoftOnPolicyMonteCarloTest/EpsilonSoftOnPolicyMonteCarloTest.EpsilonGreedy/1
[       OK ] InstantiateEpsilonSoftOnPolicyMonteCarloTest/EpsilonSoftOnPolicyMonteCarloTest.EpsilonGreedy/1 (2 ms)
[ RUN      ] InstantiateEpsilonSoftOnPolicyMonteCarloTest/EpsilonSoftOnPolicyMonteCarloTest.EpsilonGreedy/2
[       OK ] InstantiateEpsilonSoftOnPolicyMonteCarloTest/EpsilonSoftOnPolicyMonteCarloTest.EpsilonGreedy/2 (11 ms)
[ RUN      ] InstantiateEpsilonSoftOnPolicyMonteCarloTest/EpsilonSoftOnPolicyMonteCarloTest.EpsilonGreedy/3
[       OK ] InstantiateEpsilonSoftOnPolicyMonteCarloTest/EpsilonSoftOnPolicyMonteCarloTest.EpsilonGreedy/3 (24 ms)
[ RUN      ] InstantiateEpsilonSoftOnPolicyMonteCarloTest/EpsilonSoftOnPolicyMonteCarloTest.PolicyEvaluation/0
[       OK ] InstantiateEpsilonSoftOnPolicyMonteCarloTest/EpsilonSoftOnPolicyMonteCarloTest.PolicyEvaluation/0 (68 ms)
[ RUN      ] InstantiateEpsilonSoftOnPolicyMonteCarloTest/EpsilonSoftOnPolicyMonteCarloTest.PolicyEvaluation/1
[       OK ] InstantiateEpsilonSoftOnPolicyMonteCarloTest/EpsilonSoftOnPolicyMonteCarloTest.PolicyEvaluation/1 (177 ms)
[ RUN      ] InstantiateEpsilonSoftOnPolicyMonteCarloTest/EpsilonSoftOnPolicyMonteCarloTest.PolicyEvaluation/2
[       OK ] InstantiateEpsilonSoftOnPolicyMonteCarloTest/EpsilonSoftOnPolicyMonteCarloTest.PolicyEvaluation/2 (689 ms)
[ RUN      ] InstantiateEpsilonSoftOnPolicyMonteCarloTest/EpsilonSoftOnPolicyMonteCarloTest.PolicyEvaluation/3
[       OK ] InstantiateEpsilonSoftOnPolicyMonteCarloTest/EpsilonSoftOnPolicyMonteCarloTest.PolicyEvaluation/3 (1314 ms)
[ RUN      ] InstantiateEpsilonSoftOnPolicyMonteCarloTest/EpsilonSoftOnPolicyMonteCarloTest.PolicyImprovement/0
[       OK ] InstantiateEpsilonSoftOnPolicyMonteCarloTest/EpsilonSoftOnPolicyMonteCarloTest.PolicyImprovement/0 (0 ms)
[ RUN      ] InstantiateEpsilonSoftOnPolicyMonteCarloTest/EpsilonSoftOnPolicyMonteCarloTest.PolicyImprovement/1
[       OK ] InstantiateEpsilonSoftOnPolicyMonteCarloTest/EpsilonSoftOnPolicyMonteCarloTest.PolicyImprovement/1 (9 ms)
[ RUN      ] InstantiateEpsilonSoftOnPolicyMonteCarloTest/EpsilonSoftOnPolicyMonteCarloTest.PolicyImprovement/2
[       OK ] InstantiateEpsilonSoftOnPolicyMonteCarloTest/EpsilonSoftOnPolicyMonteCarloTest.PolicyImprovement/2 (291 ms)
[ RUN      ] InstantiateEpsilonSoftOnPolicyMonteCarloTest/EpsilonSoftOnPolicyMonteCarloTest.PolicyImprovement/3
[       OK ] InstantiateEpsilonSoftOnPolicyMonteCarloTest/EpsilonSoftOnPolicyMonteCarloTest.PolicyImprovement/3 (1212 ms)
[----------] 16 tests from InstantiateEpsilonSoftOnPolicyMonteCarloTest/EpsilonSoftOnPolicyMonteCarloTest (4668 ms total)

[----------] 23 tests from InstantiateInputConfigFileErrorTest/InputConfigFileErrorTest
[ RUN      ] InstantiateInputConfigFileErrorTest/InputConfigFileErrorTest.process_INIFile_error/0
[       OK ] InstantiateInputConfigFileErrorTest/InputConfigFileErrorTest.process_INIFile_error/0 (0 ms)
[ RUN      ] InstantiateInputConfigFileErrorTest/InputConfigFileErrorTest.process_INIFile_error/1
[       OK ] InstantiateInputConfigFileErrorTest/InputConfigFileErrorTest.process_INIFile_error/1 (0 ms)
[ RUN      ] InstantiateInputConfigFileErrorTest/InputConfigFileErrorTest.process_INIFile_error/2
[       OK ] InstantiateInputConfigFileErrorTest/InputConfigFileErrorTest.process_INIFile_error/2 (0 ms)
[ RUN      ] InstantiateInputConfigFileErrorTest/InputConfigFileErrorTest.process_INIFile_error/3
[       OK ] InstantiateInputConfigFileErrorTest/InputConfigFileErrorTest.process_INIFile_error/3 (0 ms)
[ RUN      ] InstantiateInputConfigFileErrorTest/InputConfigFileErrorTest.process_INIFile_error/4
[       OK ] InstantiateInputConfigFileErrorTest/InputConfigFileErrorTest.process_INIFile_error/4 (0 ms)
[ RUN      ] InstantiateInputConfigFileErrorTest/InputConfigFileErrorTest.process_INIFile_error/5
[       OK ] InstantiateInputConfigFileErrorTest/InputConfigFileErrorTest.process_INIFile_error/5 (1 ms)
[ RUN      ] InstantiateInputConfigFileErrorTest/InputConfigFileErrorTest.process_INIFile_error/6
[       OK ] InstantiateInputConfigFileErrorTest/InputConfigFileErrorTest.process_INIFile_error/6 (0 ms)
[ RUN      ] InstantiateInputConfigFileErrorTest/InputConfigFileErrorTest.process_INIFile_error/7
[       OK ] InstantiateInputConfigFileErrorTest/InputConfigFileErrorTest.process_INIFile_error/7 (0 ms)
[ RUN      ] InstantiateInputConfigFileErrorTest/InputConfigFileErrorTest.process_INIFile_error/8
[       OK ] InstantiateInputConfigFileErrorTest/InputConfigFileErrorTest.process_INIFile_error/8 (0 ms)
[ RUN      ] InstantiateInputConfigFileErrorTest/InputConfigFileErrorTest.process_INIFile_error/9
[       OK ] InstantiateInputConfigFileErrorTest/InputConfigFileErrorTest.process_INIFile_error/9 (0 ms)
[ RUN      ] InstantiateInputConfigFileErrorTest/InputConfigFileErrorTest.process_INIFile_error/10
[       OK ] InstantiateInputConfigFileErrorTest/InputConfigFileErrorTest.process_INIFile_error/10 (0 ms)
[ RUN      ] InstantiateInputConfigFileErrorTest/InputConfigFileErrorTest.process_INIFile_error/11
[       OK ] InstantiateInputConfigFileErrorTest/InputConfigFileErrorTest.process_INIFile_error/11 (0 ms)
[ RUN      ] InstantiateInputConfigFileErrorTest/InputConfigFileErrorTest.process_INIFile_error/12
[       OK ] InstantiateInputConfigFileErrorTest/InputConfigFileErrorTest.process_INIFile_error/12 (1 ms)
[ RUN      ] InstantiateInputConfigFileErrorTest/InputConfigFileErrorTest.process_INIFile_error/13
[       OK ] InstantiateInputConfigFileErrorTest/InputConfigFileErrorTest.process_INIFile_error/13 (0 ms)
[ RUN      ] InstantiateInputConfigFileErrorTest/InputConfigFileErrorTest.process_INIFile_error/14
[       OK ] InstantiateInputConfigFileErrorTest/InputConfigFileErrorTest.process_INIFile_error/14 (0 ms)
[ RUN      ] InstantiateInputConfigFileErrorTest/InputConfigFileErrorTest.process_INIFile_error/15
[       OK ] InstantiateInputConfigFileErrorTest/InputConfigFileErrorTest.process_INIFile_error/15 (0 ms)
[ RUN      ] InstantiateInputConfigFileErrorTest/InputConfigFileErrorTest.process_INIFile_error/16
[       OK ] InstantiateInputConfigFileErrorTest/InputConfigFileErrorTest.process_INIFile_error/16 (0 ms)
[ RUN      ] InstantiateInputConfigFileErrorTest/InputConfigFileErrorTest.process_INIFile_error/17
[       OK ] InstantiateInputConfigFileErrorTest/InputConfigFileErrorTest.process_INIFile_error/17 (1 ms)
[ RUN      ] InstantiateInputConfigFileErrorTest/InputConfigFileErrorTest.process_INIFile_error/18
[       OK ] InstantiateInputConfigFileErrorTest/InputConfigFileErrorTest.process_INIFile_error/18 (0 ms)
[ RUN      ] InstantiateInputConfigFileErrorTest/InputConfigFileErrorTest.process_INIFile_error/19
[       OK ] InstantiateInputConfigFileErrorTest/InputConfigFileErrorTest.process_INIFile_error/19 (0 ms)
[ RUN      ] InstantiateInputConfigFileErrorTest/InputConfigFileErrorTest.process_INIFile_error/20
[       OK ] InstantiateInputConfigFileErrorTest/InputConfigFileErrorTest.process_INIFile_error/20 (0 ms)
[ RUN      ] InstantiateInputConfigFileErrorTest/InputConfigFileErrorTest.process_INIFile_error/21
[       OK ] InstantiateInputConfigFileErrorTest/InputConfigFileErrorTest.process_INIFile_error/21 (0 ms)
[ RUN      ] InstantiateInputConfigFileErrorTest/InputConfigFileErrorTest.process_INIFile_error/22
[       OK ] InstantiateInputConfigFileErrorTest/InputConfigFileErrorTest.process_INIFile_error/22 (1 ms)
[----------] 23 tests from InstantiateInputConfigFileErrorTest/InputConfigFileErrorTest (4 ms total)

[----------] Global test environment tear-down
[==========] 187 tests from 23 test cases ran. (6900 ms total)
[  PASSED  ] 186 tests.
[  FAILED  ] 1 test, listed below:
[  FAILED  ] InstantiateRandomIdxTest/RandomIdxTest.StatTest/2, where GetParam() = 10

 1 FAILED TEST
